{
  "RSpec": {
    "coverage": {
      "/Users/braddunlap/Desktop/turing_work/1mod/projects/battleship/lib/ship.rb": {
        "lines": [
          1,
          1,
          null,
          null,
          null,
          1,
          45,
          45,
          45,
          null,
          null,
          1,
          13,
          6,
          null,
          7,
          null,
          null,
          null,
          1,
          12,
          null,
          null
        ]
      },
      "/Users/braddunlap/Desktop/turing_work/1mod/projects/battleship/lib/cell.rb": {
        "lines": [
          1,
          1,
          1,
          null,
          null,
          null,
          1,
          342,
          342,
          342,
          null,
          null,
          1,
          4144,
          null,
          null,
          1,
          27,
          null,
          null,
          1,
          140,
          11,
          null,
          129,
          null,
          null,
          null,
          1,
          12,
          12,
          7,
          null,
          null,
          null,
          1,
          38,
          4,
          34,
          1,
          33,
          1,
          32,
          1,
          31,
          31,
          null,
          null,
          null
        ]
      },
      "/Users/braddunlap/Desktop/turing_work/1mod/projects/battleship/lib/board.rb": {
        "lines": [
          1,
          null,
          1,
          1,
          null,
          1,
          21,
          null,
          null,
          1,
          null,
          21,
          null,
          null,
          null,
          null,
          null,
          null,
          null,
          null,
          null,
          null,
          null,
          null,
          null,
          null,
          null,
          null,
          null,
          null,
          1,
          295,
          null,
          null,
          1,
          5456,
          5456,
          5452,
          1365,
          1346,
          2690,
          206,
          18,
          null,
          85,
          null,
          2484,
          90,
          5,
          null,
          40,
          null,
          null,
          1197,
          null,
          null,
          1,
          null,
          19,
          19,
          36,
          6,
          1,
          null,
          2,
          null,
          30,
          20,
          9,
          null,
          1,
          null,
          null,
          5,
          null,
          null,
          1,
          null,
          null,
          0,
          null,
          null,
          5,
          null,
          null,
          null,
          1,
          35,
          33,
          33,
          null,
          null,
          null,
          null,
          1,
          2,
          17,
          1,
          1,
          null,
          null,
          17,
          1,
          1,
          null,
          null,
          null,
          null
        ]
      },
      "/Users/braddunlap/Desktop/turing_work/1mod/projects/battleship/lib/game.rb": {
        "lines": [
          1,
          null,
          1,
          1,
          1,
          8,
          8,
          8,
          8,
          8,
          8,
          null,
          null,
          1,
          0,
          null,
          null,
          0,
          0,
          null,
          null,
          null,
          null,
          null,
          null,
          null,
          0,
          0,
          0,
          0,
          0,
          0,
          0,
          0,
          0,
          0,
          null,
          0,
          null,
          null,
          null,
          null,
          1,
          2,
          1321,
          1321,
          3963,
          null,
          1321,
          2,
          2,
          null,
          null,
          2,
          11,
          11,
          22,
          null,
          11,
          2,
          2,
          null,
          null,
          null,
          null,
          1,
          0,
          0,
          0,
          0,
          0,
          0,
          0,
          0,
          0,
          0,
          0,
          0,
          null,
          0,
          null,
          null,
          1,
          1,
          1,
          1,
          1,
          1,
          null,
          0,
          0,
          null,
          null,
          null,
          null,
          1,
          1,
          1,
          1,
          1,
          1,
          1,
          1,
          null,
          0,
          0,
          null,
          null,
          null,
          null,
          1,
          0,
          0,
          null,
          null,
          1,
          0,
          0,
          null,
          null,
          1,
          0,
          0,
          null,
          null,
          1,
          3,
          1,
          null,
          2,
          null,
          null,
          null,
          1,
          3,
          1,
          null,
          2,
          null,
          null,
          null,
          null,
          1,
          0,
          0,
          0,
          0,
          0,
          0,
          0,
          0,
          0,
          0,
          0,
          0,
          0,
          0,
          0,
          0,
          0,
          0,
          null,
          0,
          0,
          0,
          null,
          0,
          null,
          0,
          0,
          0,
          null,
          null,
          0,
          0,
          0,
          null,
          null,
          1,
          0,
          0,
          0,
          0,
          0,
          0,
          0,
          0,
          0,
          0,
          0,
          0,
          0,
          0,
          null,
          0,
          0,
          null,
          0,
          null,
          null,
          null,
          null,
          1,
          2,
          0,
          0,
          0,
          2,
          1,
          1,
          1,
          null,
          1,
          null,
          null,
          null,
          1,
          0,
          0,
          0,
          0,
          null,
          0,
          0,
          0,
          null,
          null,
          null,
          null,
          1,
          0,
          0,
          0,
          0,
          null,
          null,
          1,
          0,
          0,
          0,
          0,
          null,
          null
        ]
      },
      "/Users/braddunlap/Desktop/turing_work/1mod/projects/battleship/spec/cell_spec.rb": {
        "lines": [
          1,
          null,
          1,
          5,
          4,
          null,
          1,
          1,
          1,
          1,
          null,
          null,
          1,
          1,
          null,
          null,
          1,
          1,
          1,
          1,
          null,
          null,
          1,
          1,
          1,
          1,
          1,
          1,
          null,
          null,
          1,
          1,
          1,
          1,
          1,
          1,
          1,
          1,
          1,
          1,
          1,
          1,
          1,
          1,
          1,
          1,
          null,
          null
        ]
      },
      "/Users/braddunlap/Desktop/turing_work/1mod/projects/battleship/spec/game_spec.rb": {
        "lines": [
          1,
          null,
          null,
          1,
          9,
          1,
          1,
          1,
          null,
          1,
          1,
          null,
          null,
          1,
          1,
          1,
          1,
          null,
          null,
          1,
          1,
          null,
          null,
          1,
          1,
          1,
          1,
          1,
          null,
          null,
          1,
          1,
          1,
          1,
          1,
          null,
          null,
          1,
          1,
          1,
          1,
          1,
          null,
          null,
          1,
          1,
          1,
          1,
          null,
          null,
          1,
          1,
          1,
          1,
          1,
          1,
          1,
          1,
          1,
          1,
          1,
          1,
          1,
          null,
          null
        ]
      },
      "/Users/braddunlap/Desktop/turing_work/1mod/projects/battleship/spec/ship_spec.rb": {
        "lines": [
          1,
          null,
          1,
          5,
          null,
          1,
          1,
          null,
          null,
          1,
          1,
          1,
          1,
          null,
          null,
          1,
          1,
          null,
          null,
          1,
          1,
          1,
          1,
          1,
          1,
          1,
          1,
          null,
          null
        ]
      }
    },
    "timestamp": 1672337145
  }
}
